<?xml version="1.0" encoding="UTF-8"?>
<testng-results ignored="0" total="1" passed="1" failed="0" skipped="0">
  <reporter-output>
  </reporter-output>
  <suite started-at="2023-09-11T17:36:10 IST" name="Suite" finished-at="2023-09-11T17:36:41 IST" duration-ms="30914">
    <groups>
    </groups>
    <test started-at="2023-09-11T17:36:10 IST" name="Test" finished-at="2023-09-11T17:36:41 IST" duration-ms="30914">
      <class name="pipeline.p1">
        <test-method signature="test1()[pri:0, instance:pipeline.p1@5e82df6a]" started-at="2023-09-11T17:36:10 IST" name="test1" finished-at="2023-09-11T17:36:41 IST" duration-ms="30806" status="PASS">
          <reporter-output>
          </reporter-output>
        </test-method> <!-- test1 -->
      </class> <!-- pipeline.p1 -->
    </test> <!-- Test -->
  </suite> <!-- Suite -->
</testng-results>
